<?xml version="1.0" encoding="UTF-8"?>
<testsuite xmlns:xsi="http://www.w3.org/2001/XMLSchema-instance" xsi:noNamespaceSchemaLocation="https://maven.apache.org/surefire/maven-surefire-plugin/xsd/surefire-test-report.xsd" name="com.increff.pos.AppTest" time="0.035" tests="1" errors="0" skipped="0" failures="0">
  <properties>
    <property name="java.specification.version" value="17"/>
    <property name="sun.jnu.encoding" value="ANSI_X3.4-1968"/>
    <property name="java.class.path" value="/home/abhk943/Documents/increff/spring-pos-application/target/test-classes:/home/abhk943/Documents/increff/spring-pos-application/target/classes:/home/abhk943/.m2/repository/io/springfox/springfox-swagger2/2.9.2/springfox-swagger2-2.9.2.jar:/home/abhk943/.m2/repository/io/swagger/swagger-annotations/1.5.20/swagger-annotations-1.5.20.jar:/home/abhk943/.m2/repository/io/swagger/swagger-models/1.5.20/swagger-models-1.5.20.jar:/home/abhk943/.m2/repository/io/springfox/springfox-spi/2.9.2/springfox-spi-2.9.2.jar:/home/abhk943/.m2/repository/io/springfox/springfox-core/2.9.2/springfox-core-2.9.2.jar:/home/abhk943/.m2/repository/net/bytebuddy/byte-buddy/1.8.12/byte-buddy-1.8.12.jar:/home/abhk943/.m2/repository/io/springfox/springfox-schema/2.9.2/springfox-schema-2.9.2.jar:/home/abhk943/.m2/repository/io/springfox/springfox-swagger-common/2.9.2/springfox-swagger-common-2.9.2.jar:/home/abhk943/.m2/repository/io/springfox/springfox-spring-web/2.9.2/springfox-spring-web-2.9.2.jar:/home/abhk943/.m2/repository/com/google/guava/guava/20.0/guava-20.0.jar:/home/abhk943/.m2/repository/com/fasterxml/classmate/1.4.0/classmate-1.4.0.jar:/home/abhk943/.m2/repository/org/slf4j/slf4j-api/1.7.25/slf4j-api-1.7.25.jar:/home/abhk943/.m2/repository/org/springframework/plugin/spring-plugin-core/1.2.0.RELEASE/spring-plugin-core-1.2.0.RELEASE.jar:/home/abhk943/.m2/repository/org/springframework/plugin/spring-plugin-metadata/1.2.0.RELEASE/spring-plugin-metadata-1.2.0.RELEASE.jar:/home/abhk943/.m2/repository/org/mapstruct/mapstruct/1.2.0.Final/mapstruct-1.2.0.Final.jar:/home/abhk943/.m2/repository/io/springfox/springfox-swagger-ui/2.9.2/springfox-swagger-ui-2.9.2.jar:/home/abhk943/.m2/repository/javax/servlet/javax.servlet-api/4.0.1/javax.servlet-api-4.0.1.jar:/home/abhk943/.m2/repository/junit/junit/4.11/junit-4.11.jar:/home/abhk943/.m2/repository/org/hamcrest/hamcrest-core/1.3/hamcrest-core-1.3.jar:/home/abhk943/.m2/repository/com/fasterxml/jackson/core/jackson-databind/2.13.1/jackson-databind-2.13.1.jar:/home/abhk943/.m2/repository/com/fasterxml/jackson/core/jackson-annotations/2.13.1/jackson-annotations-2.13.1.jar:/home/abhk943/.m2/repository/com/fasterxml/jackson/core/jackson-core/2.13.1/jackson-core-2.13.1.jar:/home/abhk943/.m2/repository/org/springframework/spring-webmvc/5.3.15/spring-webmvc-5.3.15.jar:/home/abhk943/.m2/repository/org/springframework/spring-aop/5.3.15/spring-aop-5.3.15.jar:/home/abhk943/.m2/repository/org/springframework/spring-beans/5.3.15/spring-beans-5.3.15.jar:/home/abhk943/.m2/repository/org/springframework/spring-context/5.3.15/spring-context-5.3.15.jar:/home/abhk943/.m2/repository/org/springframework/spring-core/5.3.15/spring-core-5.3.15.jar:/home/abhk943/.m2/repository/org/springframework/spring-jcl/5.3.15/spring-jcl-5.3.15.jar:/home/abhk943/.m2/repository/org/springframework/spring-expression/5.3.15/spring-expression-5.3.15.jar:/home/abhk943/.m2/repository/org/springframework/spring-web/5.3.15/spring-web-5.3.15.jar:"/>
    <property name="java.vm.vendor" value="Oracle Corporation"/>
    <property name="sun.arch.data.model" value="64"/>
    <property name="java.vendor.url" value="https://openjdk.java.net/"/>
    <property name="os.name" value="Linux"/>
    <property name="java.vm.specification.version" value="17"/>
    <property name="sun.java.launcher" value="SUN_STANDARD"/>
    <property name="user.country" value="US"/>
    <property name="sun.boot.library.path" value="/usr/lib/jvm/java-17-openjdk/lib"/>
    <property name="sun.java.command" value="/home/abhk943/Documents/increff/spring-pos-application/target/surefire/surefirebooter7390036518178166941.jar /home/abhk943/Documents/increff/spring-pos-application/target/surefire 2022-02-07T18-54-39_302-jvmRun1 surefire4396774887420090138tmp surefire_04345448155591087389tmp"/>
    <property name="jdk.debug" value="release"/>
    <property name="surefire.test.class.path" value="/home/abhk943/Documents/increff/spring-pos-application/target/test-classes:/home/abhk943/Documents/increff/spring-pos-application/target/classes:/home/abhk943/.m2/repository/io/springfox/springfox-swagger2/2.9.2/springfox-swagger2-2.9.2.jar:/home/abhk943/.m2/repository/io/swagger/swagger-annotations/1.5.20/swagger-annotations-1.5.20.jar:/home/abhk943/.m2/repository/io/swagger/swagger-models/1.5.20/swagger-models-1.5.20.jar:/home/abhk943/.m2/repository/io/springfox/springfox-spi/2.9.2/springfox-spi-2.9.2.jar:/home/abhk943/.m2/repository/io/springfox/springfox-core/2.9.2/springfox-core-2.9.2.jar:/home/abhk943/.m2/repository/net/bytebuddy/byte-buddy/1.8.12/byte-buddy-1.8.12.jar:/home/abhk943/.m2/repository/io/springfox/springfox-schema/2.9.2/springfox-schema-2.9.2.jar:/home/abhk943/.m2/repository/io/springfox/springfox-swagger-common/2.9.2/springfox-swagger-common-2.9.2.jar:/home/abhk943/.m2/repository/io/springfox/springfox-spring-web/2.9.2/springfox-spring-web-2.9.2.jar:/home/abhk943/.m2/repository/com/google/guava/guava/20.0/guava-20.0.jar:/home/abhk943/.m2/repository/com/fasterxml/classmate/1.4.0/classmate-1.4.0.jar:/home/abhk943/.m2/repository/org/slf4j/slf4j-api/1.7.25/slf4j-api-1.7.25.jar:/home/abhk943/.m2/repository/org/springframework/plugin/spring-plugin-core/1.2.0.RELEASE/spring-plugin-core-1.2.0.RELEASE.jar:/home/abhk943/.m2/repository/org/springframework/plugin/spring-plugin-metadata/1.2.0.RELEASE/spring-plugin-metadata-1.2.0.RELEASE.jar:/home/abhk943/.m2/repository/org/mapstruct/mapstruct/1.2.0.Final/mapstruct-1.2.0.Final.jar:/home/abhk943/.m2/repository/io/springfox/springfox-swagger-ui/2.9.2/springfox-swagger-ui-2.9.2.jar:/home/abhk943/.m2/repository/javax/servlet/javax.servlet-api/4.0.1/javax.servlet-api-4.0.1.jar:/home/abhk943/.m2/repository/junit/junit/4.11/junit-4.11.jar:/home/abhk943/.m2/repository/org/hamcrest/hamcrest-core/1.3/hamcrest-core-1.3.jar:/home/abhk943/.m2/repository/com/fasterxml/jackson/core/jackson-databind/2.13.1/jackson-databind-2.13.1.jar:/home/abhk943/.m2/repository/com/fasterxml/jackson/core/jackson-annotations/2.13.1/jackson-annotations-2.13.1.jar:/home/abhk943/.m2/repository/com/fasterxml/jackson/core/jackson-core/2.13.1/jackson-core-2.13.1.jar:/home/abhk943/.m2/repository/org/springframework/spring-webmvc/5.3.15/spring-webmvc-5.3.15.jar:/home/abhk943/.m2/repository/org/springframework/spring-aop/5.3.15/spring-aop-5.3.15.jar:/home/abhk943/.m2/repository/org/springframework/spring-beans/5.3.15/spring-beans-5.3.15.jar:/home/abhk943/.m2/repository/org/springframework/spring-context/5.3.15/spring-context-5.3.15.jar:/home/abhk943/.m2/repository/org/springframework/spring-core/5.3.15/spring-core-5.3.15.jar:/home/abhk943/.m2/repository/org/springframework/spring-jcl/5.3.15/spring-jcl-5.3.15.jar:/home/abhk943/.m2/repository/org/springframework/spring-expression/5.3.15/spring-expression-5.3.15.jar:/home/abhk943/.m2/repository/org/springframework/spring-web/5.3.15/spring-web-5.3.15.jar:"/>
    <property name="sun.cpu.endian" value="little"/>
    <property name="user.home" value="/home/abhk943"/>
    <property name="user.language" value="en"/>
    <property name="java.specification.vendor" value="Oracle Corporation"/>
    <property name="java.version.date" value="2021-10-19"/>
    <property name="java.home" value="/usr/lib/jvm/java-17-openjdk"/>
    <property name="file.separator" value="/"/>
    <property name="basedir" value="/home/abhk943/Documents/increff/spring-pos-application"/>
    <property name="java.vm.compressedOopsMode" value="Zero based"/>
    <property name="line.separator" value="&#10;"/>
    <property name="java.vm.specification.vendor" value="Oracle Corporation"/>
    <property name="java.specification.name" value="Java Platform API Specification"/>
    <property name="surefire.real.class.path" value="/home/abhk943/Documents/increff/spring-pos-application/target/surefire/surefirebooter7390036518178166941.jar"/>
    <property name="sun.management.compiler" value="HotSpot 64-Bit Tiered Compilers"/>
    <property name="java.runtime.version" value="17.0.1+12"/>
    <property name="user.name" value="abhk943"/>
    <property name="path.separator" value=":"/>
    <property name="os.version" value="5.10.96-1-MANJARO"/>
    <property name="java.runtime.name" value="OpenJDK Runtime Environment"/>
    <property name="file.encoding" value="ANSI_X3.4-1968"/>
    <property name="java.vm.name" value="OpenJDK 64-Bit Server VM"/>
    <property name="localRepository" value="/home/abhk943/.m2/repository"/>
    <property name="java.vendor.url.bug" value="https://bugreport.java.com/bugreport/"/>
    <property name="java.io.tmpdir" value="/tmp"/>
    <property name="java.version" value="17.0.1"/>
    <property name="user.dir" value="/home/abhk943/Documents/increff/spring-pos-application"/>
    <property name="os.arch" value="amd64"/>
    <property name="java.vm.specification.name" value="Java Virtual Machine Specification"/>
    <property name="native.encoding" value="ANSI_X3.4-1968"/>
    <property name="java.library.path" value="/usr/local/lib/:/usr/java/packages/lib:/usr/lib64:/lib64:/lib:/usr/lib"/>
    <property name="java.vm.info" value="mixed mode"/>
    <property name="java.vendor" value="N/A"/>
    <property name="java.vm.version" value="17.0.1+12"/>
    <property name="sun.io.unicode.encoding" value="UnicodeLittle"/>
    <property name="java.class.version" value="61.0"/>
  </properties>
  <testcase name="shouldAnswerWithTrue" classname="com.increff.pos.AppTest" time="0.002"/>
</testsuite>